Determining if the function sgemm_ exists failed with the following output:
Change Dir: /home/mrojasve/Documents/DDG/MiraculousMembranes/projects/geometric-flow/build/CMakeFiles/CMakeTmp

Run Build Command(s):/usr/bin/gmake -f Makefile cmTC_f8f78/fast && /usr/bin/gmake  -f CMakeFiles/cmTC_f8f78.dir/build.make CMakeFiles/cmTC_f8f78.dir/build
gmake[1]: Entering directory '/home/mrojasve/Documents/DDG/MiraculousMembranes/projects/geometric-flow/build/CMakeFiles/CMakeTmp'
Building C object CMakeFiles/cmTC_f8f78.dir/CheckFunctionExists.c.o
/usr/bin/cc   -DCHECK_FUNCTION_EXISTS=sgemm_ -o CMakeFiles/cmTC_f8f78.dir/CheckFunctionExists.c.o -c /usr/share/cmake-3.22/Modules/CheckFunctionExists.c
Linking C executable cmTC_f8f78
/usr/bin/cmake -E cmake_link_script CMakeFiles/cmTC_f8f78.dir/link.txt --verbose=1
/usr/bin/cc  -DCHECK_FUNCTION_EXISTS=sgemm_ CMakeFiles/cmTC_f8f78.dir/CheckFunctionExists.c.o -o cmTC_f8f78 
/usr/bin/ld: CMakeFiles/cmTC_f8f78.dir/CheckFunctionExists.c.o: in function `main':
CheckFunctionExists.c:(.text+0x14): undefined reference to `sgemm_'
collect2: error: ld returned 1 exit status
gmake[1]: *** [CMakeFiles/cmTC_f8f78.dir/build.make:99: cmTC_f8f78] Error 1
gmake[1]: Leaving directory '/home/mrojasve/Documents/DDG/MiraculousMembranes/projects/geometric-flow/build/CMakeFiles/CMakeTmp'
gmake: *** [Makefile:127: cmTC_f8f78/fast] Error 2



Determining if the include file bzlib.h exists failed with the following output:
Change Dir: /home/mrojasve/Documents/DDG/MiraculousMembranes/projects/geometric-flow/build/CMakeFiles/CMakeTmp

Run Build Command(s):/usr/bin/gmake -f Makefile cmTC_e56f7/fast && /usr/bin/gmake  -f CMakeFiles/cmTC_e56f7.dir/build.make CMakeFiles/cmTC_e56f7.dir/build
gmake[1]: Entering directory '/home/mrojasve/Documents/DDG/MiraculousMembranes/projects/geometric-flow/build/CMakeFiles/CMakeTmp'
Building C object CMakeFiles/cmTC_e56f7.dir/CheckIncludeFile.c.o
/usr/bin/cc   -Wno-deprecated   -fPIC  -O3 -DNDEBUG -o CMakeFiles/cmTC_e56f7.dir/CheckIncludeFile.c.o -c /home/mrojasve/Documents/DDG/MiraculousMembranes/projects/geometric-flow/build/CMakeFiles/CMakeTmp/CheckIncludeFile.c
/home/mrojasve/Documents/DDG/MiraculousMembranes/projects/geometric-flow/build/CMakeFiles/CMakeTmp/CheckIncludeFile.c:1:10: fatal error: bzlib.h: No such file or directory
    1 | #include <bzlib.h>
      |          ^~~~~~~~~
compilation terminated.
gmake[1]: *** [CMakeFiles/cmTC_e56f7.dir/build.make:78: CMakeFiles/cmTC_e56f7.dir/CheckIncludeFile.c.o] Error 1
gmake[1]: Leaving directory '/home/mrojasve/Documents/DDG/MiraculousMembranes/projects/geometric-flow/build/CMakeFiles/CMakeTmp'
gmake: *** [Makefile:127: cmTC_e56f7/fast] Error 2



Determining if the include file ieeefp.h exists failed with the following output:
Change Dir: /home/mrojasve/Documents/DDG/MiraculousMembranes/projects/geometric-flow/build/CMakeFiles/CMakeTmp

Run Build Command(s):/usr/bin/gmake -f Makefile cmTC_0fb8e/fast && /usr/bin/gmake  -f CMakeFiles/cmTC_0fb8e.dir/build.make CMakeFiles/cmTC_0fb8e.dir/build
gmake[1]: Entering directory '/home/mrojasve/Documents/DDG/MiraculousMembranes/projects/geometric-flow/build/CMakeFiles/CMakeTmp'
Building C object CMakeFiles/cmTC_0fb8e.dir/CheckIncludeFile.c.o
/usr/bin/cc   -Wno-deprecated   -fPIC  -O3 -DNDEBUG -o CMakeFiles/cmTC_0fb8e.dir/CheckIncludeFile.c.o -c /home/mrojasve/Documents/DDG/MiraculousMembranes/projects/geometric-flow/build/CMakeFiles/CMakeTmp/CheckIncludeFile.c
/home/mrojasve/Documents/DDG/MiraculousMembranes/projects/geometric-flow/build/CMakeFiles/CMakeTmp/CheckIncludeFile.c:1:10: fatal error: ieeefp.h: No such file or directory
    1 | #include <ieeefp.h>
      |          ^~~~~~~~~~
compilation terminated.
gmake[1]: *** [CMakeFiles/cmTC_0fb8e.dir/build.make:78: CMakeFiles/cmTC_0fb8e.dir/CheckIncludeFile.c.o] Error 1
gmake[1]: Leaving directory '/home/mrojasve/Documents/DDG/MiraculousMembranes/projects/geometric-flow/build/CMakeFiles/CMakeTmp'
gmake: *** [Makefile:127: cmTC_0fb8e/fast] Error 2



Determining if the include file windows.h exists failed with the following output:
Change Dir: /home/mrojasve/Documents/DDG/MiraculousMembranes/projects/geometric-flow/build/CMakeFiles/CMakeTmp

Run Build Command(s):/usr/bin/gmake -f Makefile cmTC_b0eaf/fast && /usr/bin/gmake  -f CMakeFiles/cmTC_b0eaf.dir/build.make CMakeFiles/cmTC_b0eaf.dir/build
gmake[1]: Entering directory '/home/mrojasve/Documents/DDG/MiraculousMembranes/projects/geometric-flow/build/CMakeFiles/CMakeTmp'
Building C object CMakeFiles/cmTC_b0eaf.dir/CheckIncludeFile.c.o
/usr/bin/cc   -Wno-deprecated   -fPIC  -O3 -DNDEBUG -o CMakeFiles/cmTC_b0eaf.dir/CheckIncludeFile.c.o -c /home/mrojasve/Documents/DDG/MiraculousMembranes/projects/geometric-flow/build/CMakeFiles/CMakeTmp/CheckIncludeFile.c
/home/mrojasve/Documents/DDG/MiraculousMembranes/projects/geometric-flow/build/CMakeFiles/CMakeTmp/CheckIncludeFile.c:1:10: fatal error: windows.h: No such file or directory
    1 | #include <windows.h>
      |          ^~~~~~~~~~~
compilation terminated.
gmake[1]: *** [CMakeFiles/cmTC_b0eaf.dir/build.make:78: CMakeFiles/cmTC_b0eaf.dir/CheckIncludeFile.c.o] Error 1
gmake[1]: Leaving directory '/home/mrojasve/Documents/DDG/MiraculousMembranes/projects/geometric-flow/build/CMakeFiles/CMakeTmp'
gmake: *** [Makefile:127: cmTC_b0eaf/fast] Error 2



Determining if the include file cieeefp exists failed with the following output:
Change Dir: /home/mrojasve/Documents/DDG/MiraculousMembranes/projects/geometric-flow/build/CMakeFiles/CMakeTmp

Run Build Command(s):/usr/bin/gmake -f Makefile cmTC_b0521/fast && /usr/bin/gmake  -f CMakeFiles/cmTC_b0521.dir/build.make CMakeFiles/cmTC_b0521.dir/build
gmake[1]: Entering directory '/home/mrojasve/Documents/DDG/MiraculousMembranes/projects/geometric-flow/build/CMakeFiles/CMakeTmp'
Building CXX object CMakeFiles/cmTC_b0521.dir/CheckIncludeFile.cxx.o
/usr/bin/c++   -std=c++11 -Wall -Wextra -fmax-errors=5  -Wno-unused-parameter -Wno-unused-variable -Wno-unused-function -Wno-deprecated-declarations -Wno-missing-braces -Wno-unused-private-field -Wno-maybe-uninitialized -Wno-format-zero-length -Wno-unused-but-set-parameter -Wno-unused-but-set-variable -Wno-deprecated -fPIC  -O3 -DNDEBUG -o CMakeFiles/cmTC_b0521.dir/CheckIncludeFile.cxx.o -c /home/mrojasve/Documents/DDG/MiraculousMembranes/projects/geometric-flow/build/CMakeFiles/CMakeTmp/CheckIncludeFile.cxx
/home/mrojasve/Documents/DDG/MiraculousMembranes/projects/geometric-flow/build/CMakeFiles/CMakeTmp/CheckIncludeFile.cxx:1:10: fatal error: cieeefp: No such file or directory
    1 | #include <cieeefp>
      |          ^~~~~~~~~
compilation terminated.
gmake[1]: *** [CMakeFiles/cmTC_b0521.dir/build.make:78: CMakeFiles/cmTC_b0521.dir/CheckIncludeFile.cxx.o] Error 1
gmake[1]: Leaving directory '/home/mrojasve/Documents/DDG/MiraculousMembranes/projects/geometric-flow/build/CMakeFiles/CMakeTmp'
gmake: *** [Makefile:127: cmTC_b0521/fast] Error 2



Performing C++ SOURCE FILE Test HAVE_QUNUSED_ARGUMENTS failed with the following output:
Change Dir: /home/mrojasve/Documents/DDG/MiraculousMembranes/projects/geometric-flow/build/CMakeFiles/CMakeTmp

Run Build Command(s):/usr/bin/gmake -f Makefile cmTC_47385/fast && /usr/bin/gmake  -f CMakeFiles/cmTC_47385.dir/build.make CMakeFiles/cmTC_47385.dir/build
gmake[1]: Entering directory '/home/mrojasve/Documents/DDG/MiraculousMembranes/projects/geometric-flow/build/CMakeFiles/CMakeTmp'
Building CXX object CMakeFiles/cmTC_47385.dir/src.cxx.o
/usr/bin/c++ -DHAVE_QUNUSED_ARGUMENTS  -std=c++11 -Wall -Wextra -fmax-errors=5  -Wno-unused-parameter -Wno-unused-variable -Wno-unused-function -Wno-deprecated-declarations -Wno-missing-braces -Wno-unused-private-field -Wno-maybe-uninitialized -Wno-format-zero-length -Wno-unused-but-set-parameter -Wno-unused-but-set-variable -Wno-deprecated -fPIC -std=c++11  -O3 -march=native -DNDEBUG   -Qunused-arguments -o CMakeFiles/cmTC_47385.dir/src.cxx.o -c /home/mrojasve/Documents/DDG/MiraculousMembranes/projects/geometric-flow/build/CMakeFiles/CMakeTmp/src.cxx
c++: error: unrecognized command-line option '-Qunused-arguments'
gmake[1]: *** [CMakeFiles/cmTC_47385.dir/build.make:78: CMakeFiles/cmTC_47385.dir/src.cxx.o] Error 1
gmake[1]: Leaving directory '/home/mrojasve/Documents/DDG/MiraculousMembranes/projects/geometric-flow/build/CMakeFiles/CMakeTmp'
gmake: *** [Makefile:127: cmTC_47385/fast] Error 2


Source file was:
int main() { return 0; }
Determining if the std::isfinite exist failed with the following output:
Change Dir: /home/mrojasve/Documents/DDG/MiraculousMembranes/projects/geometric-flow/build/CMakeFiles/CMakeTmp

Run Build Command(s):/usr/bin/gmake -f Makefile cmTC_a16d8/fast && /usr/bin/gmake  -f CMakeFiles/cmTC_a16d8.dir/build.make CMakeFiles/cmTC_a16d8.dir/build
gmake[1]: Entering directory '/home/mrojasve/Documents/DDG/MiraculousMembranes/projects/geometric-flow/build/CMakeFiles/CMakeTmp'
Building CXX object CMakeFiles/cmTC_a16d8.dir/CheckSymbolExists.cxx.o
/usr/bin/c++   -std=c++11 -Wall -Wextra -fmax-errors=5  -Wno-unused-parameter -Wno-unused-variable -Wno-unused-function -Wno-deprecated-declarations -Wno-missing-braces -Wno-unused-private-field -Wno-maybe-uninitialized -Wno-format-zero-length -Wno-unused-but-set-parameter -Wno-unused-but-set-variable -Wno-deprecated -fPIC -std=c++11 -Wno-unused-local-typedefs -Wno-narrowing  -O3 -DNDEBUG -o CMakeFiles/cmTC_a16d8.dir/CheckSymbolExists.cxx.o -c /home/mrojasve/Documents/DDG/MiraculousMembranes/projects/geometric-flow/build/CMakeFiles/CMakeTmp/CheckSymbolExists.cxx
/home/mrojasve/Documents/DDG/MiraculousMembranes/projects/geometric-flow/build/CMakeFiles/CMakeTmp/CheckSymbolExists.cxx: In function ‘int main(int, char**)’:
/home/mrojasve/Documents/DDG/MiraculousMembranes/projects/geometric-flow/build/CMakeFiles/CMakeTmp/CheckSymbolExists.cxx:7:18: error: address of overloaded function with no contextual type information
    7 |   return ((int*)(&std::isfinite))[argc];
      |                 ~^~~~~~~~~~~~~~~
At global scope:
cc1plus: note: unrecognized command-line option ‘-Wno-unused-private-field’ may have been intended to silence earlier diagnostics
gmake[1]: *** [CMakeFiles/cmTC_a16d8.dir/build.make:78: CMakeFiles/cmTC_a16d8.dir/CheckSymbolExists.cxx.o] Error 1
gmake[1]: Leaving directory '/home/mrojasve/Documents/DDG/MiraculousMembranes/projects/geometric-flow/build/CMakeFiles/CMakeTmp'
gmake: *** [Makefile:127: cmTC_a16d8/fast] Error 2


File /home/mrojasve/Documents/DDG/MiraculousMembranes/projects/geometric-flow/build/CMakeFiles/CMakeTmp/CheckSymbolExists.cxx:
/* */
#include <cmath>

int main(int argc, char** argv)
{
  (void)argv;
  return ((int*)(&std::isfinite))[argc];
}
Determining if the std::isnan exist failed with the following output:
Change Dir: /home/mrojasve/Documents/DDG/MiraculousMembranes/projects/geometric-flow/build/CMakeFiles/CMakeTmp

Run Build Command(s):/usr/bin/gmake -f Makefile cmTC_3f0de/fast && /usr/bin/gmake  -f CMakeFiles/cmTC_3f0de.dir/build.make CMakeFiles/cmTC_3f0de.dir/build
gmake[1]: Entering directory '/home/mrojasve/Documents/DDG/MiraculousMembranes/projects/geometric-flow/build/CMakeFiles/CMakeTmp'
Building CXX object CMakeFiles/cmTC_3f0de.dir/CheckSymbolExists.cxx.o
/usr/bin/c++   -std=c++11 -Wall -Wextra -fmax-errors=5  -Wno-unused-parameter -Wno-unused-variable -Wno-unused-function -Wno-deprecated-declarations -Wno-missing-braces -Wno-unused-private-field -Wno-maybe-uninitialized -Wno-format-zero-length -Wno-unused-but-set-parameter -Wno-unused-but-set-variable -Wno-deprecated -fPIC -std=c++11 -Wno-unused-local-typedefs -Wno-narrowing  -O3 -DNDEBUG -o CMakeFiles/cmTC_3f0de.dir/CheckSymbolExists.cxx.o -c /home/mrojasve/Documents/DDG/MiraculousMembranes/projects/geometric-flow/build/CMakeFiles/CMakeTmp/CheckSymbolExists.cxx
/home/mrojasve/Documents/DDG/MiraculousMembranes/projects/geometric-flow/build/CMakeFiles/CMakeTmp/CheckSymbolExists.cxx: In function ‘int main(int, char**)’:
/home/mrojasve/Documents/DDG/MiraculousMembranes/projects/geometric-flow/build/CMakeFiles/CMakeTmp/CheckSymbolExists.cxx:7:18: error: address of overloaded function with no contextual type information
    7 |   return ((int*)(&std::isnan))[argc];
      |                 ~^~~~~~~~~~~~
At global scope:
cc1plus: note: unrecognized command-line option ‘-Wno-unused-private-field’ may have been intended to silence earlier diagnostics
gmake[1]: *** [CMakeFiles/cmTC_3f0de.dir/build.make:78: CMakeFiles/cmTC_3f0de.dir/CheckSymbolExists.cxx.o] Error 1
gmake[1]: Leaving directory '/home/mrojasve/Documents/DDG/MiraculousMembranes/projects/geometric-flow/build/CMakeFiles/CMakeTmp'
gmake: *** [Makefile:127: cmTC_3f0de/fast] Error 2


File /home/mrojasve/Documents/DDG/MiraculousMembranes/projects/geometric-flow/build/CMakeFiles/CMakeTmp/CheckSymbolExists.cxx:
/* */
#include <cmath>

int main(int argc, char** argv)
{
  (void)argv;
  return ((int*)(&std::isnan))[argc];
}
Determining if the function dran48 exists failed with the following output:
Change Dir: /home/mrojasve/Documents/DDG/MiraculousMembranes/projects/geometric-flow/build/CMakeFiles/CMakeTmp

Run Build Command(s):/usr/bin/gmake -f Makefile cmTC_3880a/fast && /usr/bin/gmake  -f CMakeFiles/cmTC_3880a.dir/build.make CMakeFiles/cmTC_3880a.dir/build
gmake[1]: Entering directory '/home/mrojasve/Documents/DDG/MiraculousMembranes/projects/geometric-flow/build/CMakeFiles/CMakeTmp'
Building C object CMakeFiles/cmTC_3880a.dir/CheckFunctionExists.c.o
/usr/bin/cc   -Wno-deprecated   -fPIC   -Wno-narrowing -DCHECK_FUNCTION_EXISTS=dran48 -O3 -DNDEBUG -o CMakeFiles/cmTC_3880a.dir/CheckFunctionExists.c.o -c /usr/share/cmake-3.22/Modules/CheckFunctionExists.c
Linking C executable cmTC_3880a
/usr/bin/cmake -E cmake_link_script CMakeFiles/cmTC_3880a.dir/link.txt --verbose=1
/usr/bin/cc    -Wno-deprecated   -fPIC   -Wno-narrowing -DCHECK_FUNCTION_EXISTS=dran48 -O3 -DNDEBUG  -static -z muldefs -z muldefs  CMakeFiles/cmTC_3880a.dir/CheckFunctionExists.c.o -o cmTC_3880a  -lm 
/usr/bin/ld: CMakeFiles/cmTC_3880a.dir/CheckFunctionExists.c.o: in function `main':
CheckFunctionExists.c:(.text.startup+0x10): undefined reference to `dran48'
collect2: error: ld returned 1 exit status
gmake[1]: *** [CMakeFiles/cmTC_3880a.dir/build.make:99: cmTC_3880a] Error 1
gmake[1]: Leaving directory '/home/mrojasve/Documents/DDG/MiraculousMembranes/projects/geometric-flow/build/CMakeFiles/CMakeTmp'
gmake: *** [Makefile:127: cmTC_3880a/fast] Error 2



Determining if the function std::rand exists failed with the following output:
Change Dir: /home/mrojasve/Documents/DDG/MiraculousMembranes/projects/geometric-flow/build/CMakeFiles/CMakeTmp

Run Build Command(s):/usr/bin/gmake -f Makefile cmTC_5a984/fast && /usr/bin/gmake  -f CMakeFiles/cmTC_5a984.dir/build.make CMakeFiles/cmTC_5a984.dir/build
gmake[1]: Entering directory '/home/mrojasve/Documents/DDG/MiraculousMembranes/projects/geometric-flow/build/CMakeFiles/CMakeTmp'
Building C object CMakeFiles/cmTC_5a984.dir/CheckFunctionExists.c.o
/usr/bin/cc   -Wno-deprecated   -fPIC   -Wno-narrowing -DCHECK_FUNCTION_EXISTS=std::rand -O3 -DNDEBUG -o CMakeFiles/cmTC_5a984.dir/CheckFunctionExists.c.o -c /usr/share/cmake-3.22/Modules/CheckFunctionExists.c
<command-line>: error: expected ‘=’, ‘,’, ‘;’, ‘asm’ or ‘__attribute__’ before ‘::’ token
/usr/share/cmake-3.22/Modules/CheckFunctionExists.c:7:3: note: in expansion of macro ‘CHECK_FUNCTION_EXISTS’
    7 |   CHECK_FUNCTION_EXISTS(void);
      |   ^~~~~~~~~~~~~~~~~~~~~
/usr/share/cmake-3.22/Modules/CheckFunctionExists.c: In function ‘main’:
<command-line>: error: ‘std’ undeclared (first use in this function)
/usr/share/cmake-3.22/Modules/CheckFunctionExists.c:17:3: note: in expansion of macro ‘CHECK_FUNCTION_EXISTS’
   17 |   CHECK_FUNCTION_EXISTS();
      |   ^~~~~~~~~~~~~~~~~~~~~
<command-line>: note: each undeclared identifier is reported only once for each function it appears in
/usr/share/cmake-3.22/Modules/CheckFunctionExists.c:17:3: note: in expansion of macro ‘CHECK_FUNCTION_EXISTS’
   17 |   CHECK_FUNCTION_EXISTS();
      |   ^~~~~~~~~~~~~~~~~~~~~
<command-line>: error: expected ‘;’ before ‘::’ token
/usr/share/cmake-3.22/Modules/CheckFunctionExists.c:17:3: note: in expansion of macro ‘CHECK_FUNCTION_EXISTS’
   17 |   CHECK_FUNCTION_EXISTS();
      |   ^~~~~~~~~~~~~~~~~~~~~
gmake[1]: *** [CMakeFiles/cmTC_5a984.dir/build.make:78: CMakeFiles/cmTC_5a984.dir/CheckFunctionExists.c.o] Error 1
gmake[1]: Leaving directory '/home/mrojasve/Documents/DDG/MiraculousMembranes/projects/geometric-flow/build/CMakeFiles/CMakeTmp'
gmake: *** [Makefile:127: cmTC_5a984/fast] Error 2



Determining if the function va_copy exists failed with the following output:
Change Dir: /home/mrojasve/Documents/DDG/MiraculousMembranes/projects/geometric-flow/build/CMakeFiles/CMakeTmp

Run Build Command(s):/usr/bin/gmake -f Makefile cmTC_2774b/fast && /usr/bin/gmake  -f CMakeFiles/cmTC_2774b.dir/build.make CMakeFiles/cmTC_2774b.dir/build
gmake[1]: Entering directory '/home/mrojasve/Documents/DDG/MiraculousMembranes/projects/geometric-flow/build/CMakeFiles/CMakeTmp'
Building C object CMakeFiles/cmTC_2774b.dir/CheckFunctionExists.c.o
/usr/bin/cc   -Wno-deprecated   -fPIC   -Wno-narrowing -DCHECK_FUNCTION_EXISTS=va_copy -O3 -DNDEBUG -o CMakeFiles/cmTC_2774b.dir/CheckFunctionExists.c.o -c /usr/share/cmake-3.22/Modules/CheckFunctionExists.c
Linking C executable cmTC_2774b
/usr/bin/cmake -E cmake_link_script CMakeFiles/cmTC_2774b.dir/link.txt --verbose=1
/usr/bin/cc    -Wno-deprecated   -fPIC   -Wno-narrowing -DCHECK_FUNCTION_EXISTS=va_copy -O3 -DNDEBUG  -static -z muldefs -z muldefs  CMakeFiles/cmTC_2774b.dir/CheckFunctionExists.c.o -o cmTC_2774b  -lm 
/usr/bin/ld: CMakeFiles/cmTC_2774b.dir/CheckFunctionExists.c.o: in function `main':
CheckFunctionExists.c:(.text.startup+0x10): undefined reference to `va_copy'
collect2: error: ld returned 1 exit status
gmake[1]: *** [CMakeFiles/cmTC_2774b.dir/build.make:99: cmTC_2774b] Error 1
gmake[1]: Leaving directory '/home/mrojasve/Documents/DDG/MiraculousMembranes/projects/geometric-flow/build/CMakeFiles/CMakeTmp'
gmake: *** [Makefile:127: cmTC_2774b/fast] Error 2



Determining if the function _snprintf exists failed with the following output:
Change Dir: /home/mrojasve/Documents/DDG/MiraculousMembranes/projects/geometric-flow/build/CMakeFiles/CMakeTmp

Run Build Command(s):/usr/bin/gmake -f Makefile cmTC_6f068/fast && /usr/bin/gmake  -f CMakeFiles/cmTC_6f068.dir/build.make CMakeFiles/cmTC_6f068.dir/build
gmake[1]: Entering directory '/home/mrojasve/Documents/DDG/MiraculousMembranes/projects/geometric-flow/build/CMakeFiles/CMakeTmp'
Building C object CMakeFiles/cmTC_6f068.dir/CheckFunctionExists.c.o
/usr/bin/cc   -Wno-deprecated   -fPIC   -Wno-narrowing -DCHECK_FUNCTION_EXISTS=_snprintf -O3 -DNDEBUG -o CMakeFiles/cmTC_6f068.dir/CheckFunctionExists.c.o -c /usr/share/cmake-3.22/Modules/CheckFunctionExists.c
Linking C executable cmTC_6f068
/usr/bin/cmake -E cmake_link_script CMakeFiles/cmTC_6f068.dir/link.txt --verbose=1
/usr/bin/cc    -Wno-deprecated   -fPIC   -Wno-narrowing -DCHECK_FUNCTION_EXISTS=_snprintf -O3 -DNDEBUG  -static -z muldefs -z muldefs  CMakeFiles/cmTC_6f068.dir/CheckFunctionExists.c.o -o cmTC_6f068  -lm 
/usr/bin/ld: CMakeFiles/cmTC_6f068.dir/CheckFunctionExists.c.o: in function `main':
CheckFunctionExists.c:(.text.startup+0x10): undefined reference to `_snprintf'
collect2: error: ld returned 1 exit status
gmake[1]: *** [CMakeFiles/cmTC_6f068.dir/build.make:99: cmTC_6f068] Error 1
gmake[1]: Leaving directory '/home/mrojasve/Documents/DDG/MiraculousMembranes/projects/geometric-flow/build/CMakeFiles/CMakeTmp'
gmake: *** [Makefile:127: cmTC_6f068/fast] Error 2



Determining if the function _vsnprintf exists failed with the following output:
Change Dir: /home/mrojasve/Documents/DDG/MiraculousMembranes/projects/geometric-flow/build/CMakeFiles/CMakeTmp

Run Build Command(s):/usr/bin/gmake -f Makefile cmTC_298cc/fast && /usr/bin/gmake  -f CMakeFiles/cmTC_298cc.dir/build.make CMakeFiles/cmTC_298cc.dir/build
gmake[1]: Entering directory '/home/mrojasve/Documents/DDG/MiraculousMembranes/projects/geometric-flow/build/CMakeFiles/CMakeTmp'
Building C object CMakeFiles/cmTC_298cc.dir/CheckFunctionExists.c.o
/usr/bin/cc   -Wno-deprecated   -fPIC   -Wno-narrowing -DCHECK_FUNCTION_EXISTS=_vsnprintf -O3 -DNDEBUG -o CMakeFiles/cmTC_298cc.dir/CheckFunctionExists.c.o -c /usr/share/cmake-3.22/Modules/CheckFunctionExists.c
Linking C executable cmTC_298cc
/usr/bin/cmake -E cmake_link_script CMakeFiles/cmTC_298cc.dir/link.txt --verbose=1
/usr/bin/cc    -Wno-deprecated   -fPIC   -Wno-narrowing -DCHECK_FUNCTION_EXISTS=_vsnprintf -O3 -DNDEBUG  -static -z muldefs -z muldefs  CMakeFiles/cmTC_298cc.dir/CheckFunctionExists.c.o -o cmTC_298cc  -lm 
/usr/bin/ld: CMakeFiles/cmTC_298cc.dir/CheckFunctionExists.c.o: in function `main':
CheckFunctionExists.c:(.text.startup+0x10): undefined reference to `_vsnprintf'
collect2: error: ld returned 1 exit status
gmake[1]: *** [CMakeFiles/cmTC_298cc.dir/build.make:99: cmTC_298cc] Error 1
gmake[1]: Leaving directory '/home/mrojasve/Documents/DDG/MiraculousMembranes/projects/geometric-flow/build/CMakeFiles/CMakeTmp'
gmake: *** [Makefile:127: cmTC_298cc/fast] Error 2



